<?xml version="1.0" encoding="UTF-8"?>
<!-- Generated by org.testng.reporters.JUnitXMLReporter -->
<testsuite hostname="G1ML22496" ignored="2" name="Default Test" tests="3" failures="1" timestamp="01 Aug 2017 17:21:26 GMT" time="75.263" errors="0">
  <testcase name="ticketBooking" time="20.577" classname="com.demoaut.newtours.Testscripts.BookTicketTest"/>
  <testcase name="userValidation" time="5.497" classname="com.demoaut.newtours.Testscripts.ValidateUserTest"/>
  <testcase name="invaliduserValidation" time="3.678" classname="com.demoaut.newtours.Testscripts.InvalidUserTest">
    <failure type="java.lang.AssertionError" message="expected [Sign-on: Mercury To] but found [Sign-on: Mercury Tours]">
      <![CDATA[java.lang.AssertionError: expected [Sign-on: Mercury To] but found [Sign-on: Mercury Tours]
	at com.demoaut.newtours.Testscripts.InvalidUserTest.invaliduserValidation(InvalidUserTest.java:27)
... Removed 31 stack frames]]>
    </failure>
  </testcase> <!-- invaliduserValidation -->
  <testcase name="@AfterSuite tearDown" time="0.0" classname="com.demoaut.newtours.Testscripts.BaseTest">
    <ignored/>
  </testcase> <!-- @AfterSuite tearDown -->
  <testcase name="@AfterSuite tearDown" time="0.0" classname="com.demoaut.newtours.Testscripts.BaseTest">
    <ignored/>
  </testcase> <!-- @AfterSuite tearDown -->
</testsuite> <!-- Default Test -->
