<?xml version="1.0" encoding="UTF-8"?>
<testng-results skipped="0" failed="1" ignored="2" total="5" passed="2">
  <reporter-output>
  </reporter-output>
  <suite name="Suite" duration-ms="75263" started-at="2017-08-01T17:20:10Z" finished-at="2017-08-01T17:21:26Z">
    <groups>
    </groups>
    <test name="Default Test" duration-ms="75263" started-at="2017-08-01T17:20:10Z" finished-at="2017-08-01T17:21:26Z">
      <class name="com.demoaut.newtours.Testscripts.BookTicketTest">
        <test-method status="PASS" signature="openBrowser()[pri:0, instance:com.demoaut.newtours.Testscripts.BookTicketTest@4dfa3a9d]" name="openBrowser" is-config="true" duration-ms="16925" started-at="2017-08-01T22:50:11Z" finished-at="2017-08-01T22:50:27Z">
          <reporter-output>
          </reporter-output>
        </test-method> <!-- openBrowser -->
        <test-method status="PASS" signature="ticketBooking()[pri:0, instance:com.demoaut.newtours.Testscripts.BookTicketTest@4dfa3a9d]" name="ticketBooking" duration-ms="20577" started-at="2017-08-01T22:50:27Z" finished-at="2017-08-01T22:50:48Z">
          <reporter-output>
          </reporter-output>
        </test-method> <!-- ticketBooking -->
        <test-method status="PASS" signature="closeBrowser()[pri:0, instance:com.demoaut.newtours.Testscripts.BookTicketTest@4dfa3a9d]" name="closeBrowser" is-config="true" duration-ms="204" started-at="2017-08-01T22:50:48Z" finished-at="2017-08-01T22:50:48Z">
          <reporter-output>
          </reporter-output>
        </test-method> <!-- closeBrowser -->
        <test-method status="PASS" signature="tearDown()[pri:0, instance:com.demoaut.newtours.Testscripts.BookTicketTest@4dfa3a9d]" name="tearDown" is-config="true" duration-ms="18319" started-at="2017-08-01T22:51:26Z" finished-at="2017-08-01T22:51:44Z">
          <reporter-output>
          </reporter-output>
        </test-method> <!-- tearDown -->
      </class> <!-- com.demoaut.newtours.Testscripts.BookTicketTest -->
      <class name="com.demoaut.newtours.Testscripts.InvalidUserTest">
        <test-method status="PASS" signature="openBrowser()[pri:0, instance:com.demoaut.newtours.Testscripts.InvalidUserTest@464bee09]" name="openBrowser" is-config="true" duration-ms="10593" started-at="2017-08-01T22:51:11Z" finished-at="2017-08-01T22:51:21Z">
          <reporter-output>
          </reporter-output>
        </test-method> <!-- openBrowser -->
        <test-method status="FAIL" signature="invaliduserValidation()[pri:0, instance:com.demoaut.newtours.Testscripts.InvalidUserTest@464bee09]" name="invaliduserValidation" duration-ms="3678" started-at="2017-08-01T22:51:21Z" finished-at="2017-08-01T22:51:25Z">
          <exception class="java.lang.AssertionError">
            <message>
              <![CDATA[expected [Sign-on: Mercury To] but found [Sign-on: Mercury Tours]]]>
            </message>
            <full-stacktrace>
              <![CDATA[java.lang.AssertionError: expected [Sign-on: Mercury To] but found [Sign-on: Mercury Tours]
	at org.testng.Assert.fail(Assert.java:93)
	at org.testng.Assert.failNotEquals(Assert.java:512)
	at org.testng.Assert.assertEqualsImpl(Assert.java:134)
	at org.testng.Assert.assertEquals(Assert.java:115)
	at org.testng.Assert.assertEquals(Assert.java:189)
	at org.testng.Assert.assertEquals(Assert.java:199)
	at com.demoaut.newtours.Testscripts.InvalidUserTest.invaliduserValidation(InvalidUserTest.java:27)
	at sun.reflect.NativeMethodAccessorImpl.invoke0(Native Method)
	at sun.reflect.NativeMethodAccessorImpl.invoke(Unknown Source)
	at sun.reflect.DelegatingMethodAccessorImpl.invoke(Unknown Source)
	at java.lang.reflect.Method.invoke(Unknown Source)
	at org.testng.internal.MethodInvocationHelper.invokeMethod(MethodInvocationHelper.java:108)
	at org.testng.internal.Invoker.invokeMethod(Invoker.java:661)
	at org.testng.internal.Invoker.invokeTestMethod(Invoker.java:869)
	at org.testng.internal.Invoker.invokeTestMethods(Invoker.java:1193)
	at org.testng.internal.TestMethodWorker.invokeTestMethods(TestMethodWorker.java:126)
	at org.testng.internal.TestMethodWorker.run(TestMethodWorker.java:109)
	at org.testng.TestRunner.privateRun(TestRunner.java:744)
	at org.testng.TestRunner.run(TestRunner.java:602)
	at org.testng.SuiteRunner.runTest(SuiteRunner.java:380)
	at org.testng.SuiteRunner.runSequentially(SuiteRunner.java:375)
	at org.testng.SuiteRunner.privateRun(SuiteRunner.java:340)
	at org.testng.SuiteRunner.run(SuiteRunner.java:289)
	at org.testng.SuiteRunnerWorker.runSuite(SuiteRunnerWorker.java:52)
	at org.testng.SuiteRunnerWorker.run(SuiteRunnerWorker.java:86)
	at org.testng.TestNG.runSuitesSequentially(TestNG.java:1301)
	at org.testng.TestNG.runSuitesLocally(TestNG.java:1226)
	at org.testng.TestNG.runSuites(TestNG.java:1144)
	at org.testng.TestNG.run(TestNG.java:1115)
	at org.testng.remote.AbstractRemoteTestNG.run(AbstractRemoteTestNG.java:132)
	at org.testng.remote.RemoteTestNG.initAndRun(RemoteTestNG.java:230)
	at org.testng.remote.RemoteTestNG.main(RemoteTestNG.java:76)
]]>
            </full-stacktrace>
          </exception> <!-- java.lang.AssertionError -->
          <reporter-output>
          </reporter-output>
        </test-method> <!-- invaliduserValidation -->
        <test-method status="PASS" signature="closeBrowser()[pri:0, instance:com.demoaut.newtours.Testscripts.InvalidUserTest@464bee09]" name="closeBrowser" is-config="true" duration-ms="164" started-at="2017-08-01T22:51:25Z" finished-at="2017-08-01T22:51:26Z">
          <reporter-output>
          </reporter-output>
        </test-method> <!-- closeBrowser -->
      </class> <!-- com.demoaut.newtours.Testscripts.InvalidUserTest -->
      <class name="com.demoaut.newtours.Testscripts.ValidateUserTest">
        <test-method status="PASS" signature="openBrowser()[pri:0, instance:com.demoaut.newtours.Testscripts.ValidateUserTest@6eebc39e]" name="openBrowser" is-config="true" duration-ms="16608" started-at="2017-08-01T22:50:48Z" finished-at="2017-08-01T22:51:05Z">
          <reporter-output>
          </reporter-output>
        </test-method> <!-- openBrowser -->
        <test-method status="PASS" signature="userValidation()[pri:0, instance:com.demoaut.newtours.Testscripts.ValidateUserTest@6eebc39e]" name="userValidation" duration-ms="5497" started-at="2017-08-01T22:51:05Z" finished-at="2017-08-01T22:51:10Z">
          <reporter-output>
          </reporter-output>
        </test-method> <!-- userValidation -->
        <test-method status="PASS" signature="closeBrowser()[pri:0, instance:com.demoaut.newtours.Testscripts.ValidateUserTest@6eebc39e]" name="closeBrowser" is-config="true" duration-ms="265" started-at="2017-08-01T22:51:10Z" finished-at="2017-08-01T22:51:11Z">
          <reporter-output>
          </reporter-output>
        </test-method> <!-- closeBrowser -->
      </class> <!-- com.demoaut.newtours.Testscripts.ValidateUserTest -->
    </test> <!-- Default Test -->
  </suite> <!-- Suite -->
</testng-results>
